<?xml version="1.0" encoding="UTF-8"?>
<!-- Generated by org.testng.reporters.JUnitXMLReporter -->
<testsuite ignored="3" hostname="GirishPC" failures="1" tests="1" name="Default test" time="4.406" errors="0" timestamp="2023-09-06T20:22:37 EDT">
  <testcase classname="com.api.tests.Get" name="getUsingXpath" time="4.346">
    <failure type="java.lang.AssertionError" message="1 expectation failed.
XML path TravelerinformationResponse/travelers/Travelerinformation/id doesn&amp;apos;t match.
Expected: 11187
  Actual: &amp;lt;61035847358511187asdasdkar111en@mail.ruUSA0001-01-01T00:00:0011188Tigran Muradyantigran.inbox@gmail.comUSA0001-01-01T00:00:0011189Developernag334r53453@gmail.comUSA0001-01-01T00:00:0011190saisaiguntur@gmail.comUSA0001-01-01T00:00:0011191saisaiguntur1@gmail.comUSA0001-01-01T00:00:0011192saisaiguntdddur1@gmail.comUSA0001-01-01T00:00:0011193saisaiguntddddddur1@gmail.comUSA0001-01-01T00:00:0011194ssfdsfdsfdsfsdfsdfdsfsdfdsfdsddddddddddddddddddddddddddddddddddddddddddddddddddddddddfdfdfdfaisaiguntdddddddur1@gmail.comUSA0001-01-01T00:00:0011195ssfdsfdsfdsfsdfsdfdsfsdfdsfdsddddddddddddddddddddddddddddddddddddddddddddddddddddddddfdfdfdfais@gmail.comUSA0001-01-01T00:00:0011196ssfdsfdsfdsfsdfsdfdsfsdfdsfdsddddddddddddddddddddddddddddddddddddddddddddddddddddddddfdfdfdfaisdsfdsfds@a.cUSA0001-01-01T00:00:00&amp;gt;
">
      <![CDATA[java.lang.AssertionError: 1 expectation failed.
XML path TravelerinformationResponse/travelers/Travelerinformation/id doesn't match.
Expected: 11187
  Actual: <61035847358511187asdasdkar111en@mail.ruUSA0001-01-01T00:00:0011188Tigran Muradyantigran.inbox@gmail.comUSA0001-01-01T00:00:0011189Developernag334r53453@gmail.comUSA0001-01-01T00:00:0011190saisaiguntur@gmail.comUSA0001-01-01T00:00:0011191saisaiguntur1@gmail.comUSA0001-01-01T00:00:0011192saisaiguntdddur1@gmail.comUSA0001-01-01T00:00:0011193saisaiguntddddddur1@gmail.comUSA0001-01-01T00:00:0011194ssfdsfdsfdsfsdfsdfdsfsdfdsfdsddddddddddddddddddddddddddddddddddddddddddddddddddddddddfdfdfdfaisaiguntdddddddur1@gmail.comUSA0001-01-01T00:00:0011195ssfdsfdsfdsfsdfsdfdsfsdfdsfdsddddddddddddddddddddddddddddddddddddddddddddddddddddddddfdfdfdfais@gmail.comUSA0001-01-01T00:00:0011196ssfdsfdsfdsfsdfsdfdsfsdfdsfdsddddddddddddddddddddddddddddddddddddddddddddddddddddddddfdfdfdfaisdsfdsfds@a.cUSA0001-01-01T00:00:00>

at java.base/jdk.internal.reflect.NativeConstructorAccessorImpl.newInstance0(Native Method)
at java.base/jdk.internal.reflect.NativeConstructorAccessorImpl.newInstance(NativeConstructorAccessorImpl.java:77)
at java.base/jdk.internal.reflect.DelegatingConstructorAccessorImpl.newInstance(DelegatingConstructorAccessorImpl.java:45)
at java.base/java.lang.reflect.Constructor.newInstanceWithCaller(Constructor.java:499)
at java.base/java.lang.reflect.Constructor.newInstance(Constructor.java:480)
at org.codehaus.groovy.reflection.CachedConstructor.invoke(CachedConstructor.java:73)
at org.codehaus.groovy.runtime.callsite.ConstructorSite$ConstructorSiteNoUnwrapNoCoerce.callConstructor(ConstructorSite.java:108)
at org.codehaus.groovy.runtime.callsite.CallSiteArray.defaultCallConstructor(CallSiteArray.java:58)
at org.codehaus.groovy.runtime.callsite.AbstractCallSite.callConstructor(AbstractCallSite.java:263)
at org.codehaus.groovy.runtime.callsite.AbstractCallSite.callConstructor(AbstractCallSite.java:277)
at io.restassured.internal.ResponseSpecificationImpl$HamcrestAssertionClosure.validate(ResponseSpecificationImpl.groovy:512)
at io.restassured.internal.ResponseSpecificationImpl$HamcrestAssertionClosure$validate$1.call(Unknown Source)
at io.restassured.internal.ResponseSpecificationImpl.validateResponseIfRequired(ResponseSpecificationImpl.groovy:696)
at io.restassured.internal.ResponseSpecificationImpl.this$2$validateResponseIfRequired(ResponseSpecificationImpl.groovy)
at java.base/jdk.internal.reflect.NativeMethodAccessorImpl.invoke0(Native Method)
at java.base/jdk.internal.reflect.NativeMethodAccessorImpl.invoke(NativeMethodAccessorImpl.java:77)
at java.base/jdk.internal.reflect.DelegatingMethodAccessorImpl.invoke(DelegatingMethodAccessorImpl.java:43)
at java.base/java.lang.reflect.Method.invoke(Method.java:568)
at org.codehaus.groovy.runtime.callsite.PlainObjectMetaMethodSite.doInvoke(PlainObjectMetaMethodSite.java:43)
at org.codehaus.groovy.runtime.callsite.PogoMetaMethodSite$PogoCachedMethodSiteNoUnwrapNoCoerce.invoke(PogoMetaMethodSite.java:198)
at org.codehaus.groovy.runtime.callsite.PogoMetaMethodSite.callCurrent(PogoMetaMethodSite.java:62)
at org.codehaus.groovy.runtime.callsite.CallSiteArray.defaultCallCurrent(CallSiteArray.java:50)
at org.codehaus.groovy.runtime.callsite.AbstractCallSite.callCurrent(AbstractCallSite.java:171)
at org.codehaus.groovy.runtime.callsite.AbstractCallSite.callCurrent(AbstractCallSite.java:185)
at io.restassured.internal.ResponseSpecificationImpl.body(ResponseSpecificationImpl.groovy:270)
at io.restassured.specification.ResponseSpecification$body$1.callCurrent(Unknown Source)
at org.codehaus.groovy.runtime.callsite.CallSiteArray.defaultCallCurrent(CallSiteArray.java:50)
at org.codehaus.groovy.runtime.callsite.AbstractCallSite.callCurrent(AbstractCallSite.java:171)
at org.codehaus.groovy.runtime.callsite.AbstractCallSite.callCurrent(AbstractCallSite.java:212)
at io.restassured.internal.ResponseSpecificationImpl.body(ResponseSpecificationImpl.groovy:117)
at io.restassured.internal.ValidatableResponseOptionsImpl.body(ValidatableResponseOptionsImpl.java:244)
at com.api.tests.Get.getUsingXpath(Get.java:76)
at java.base/jdk.internal.reflect.NativeMethodAccessorImpl.invoke0(Native Method)
at java.base/jdk.internal.reflect.NativeMethodAccessorImpl.invoke(NativeMethodAccessorImpl.java:77)
at java.base/jdk.internal.reflect.DelegatingMethodAccessorImpl.invoke(DelegatingMethodAccessorImpl.java:43)
at java.base/java.lang.reflect.Method.invoke(Method.java:568)
at org.testng.internal.MethodInvocationHelper.invokeMethod(MethodInvocationHelper.java:134)
at org.testng.internal.TestInvoker.invokeMethod(TestInvoker.java:597)
at org.testng.internal.TestInvoker.invokeTestMethod(TestInvoker.java:173)
at org.testng.internal.MethodRunner.runInSequence(MethodRunner.java:46)
at org.testng.internal.TestInvoker$MethodInvocationAgent.invoke(TestInvoker.java:816)
at org.testng.internal.TestInvoker.invokeTestMethods(TestInvoker.java:146)
at org.testng.internal.TestMethodWorker.invokeTestMethods(TestMethodWorker.java:146)
at org.testng.internal.TestMethodWorker.run(TestMethodWorker.java:128)
at java.base/java.util.ArrayList.forEach(ArrayList.java:1511)
at org.testng.TestRunner.privateRun(TestRunner.java:766)
at org.testng.TestRunner.run(TestRunner.java:587)
at org.testng.SuiteRunner.runTest(SuiteRunner.java:384)
at org.testng.SuiteRunner.runSequentially(SuiteRunner.java:378)
at org.testng.SuiteRunner.privateRun(SuiteRunner.java:337)
at org.testng.SuiteRunner.run(SuiteRunner.java:286)
at org.testng.SuiteRunnerWorker.runSuite(SuiteRunnerWorker.java:53)
at org.testng.SuiteRunnerWorker.run(SuiteRunnerWorker.java:96)
at org.testng.TestNG.runSuitesSequentially(TestNG.java:1187)
at org.testng.TestNG.runSuitesLocally(TestNG.java:1109)
at org.testng.TestNG.runSuites(TestNG.java:1039)
at org.testng.TestNG.run(TestNG.java:1007)
at org.testng.remote.AbstractRemoteTestNG.run(AbstractRemoteTestNG.java:115)
at org.testng.remote.RemoteTestNG.initAndRun(RemoteTestNG.java:251)
at org.testng.remote.RemoteTestNG.main(RemoteTestNG.java:77)
]]>
    </failure>
  </testcase> <!-- getUsingXpath -->
  <testcase classname="com.api.tests.Get" name="getXmlResponse" time="0.0">
    <ignored/>
  </testcase> <!-- getXmlResponse -->
  <testcase classname="com.api.tests.Get" name="lazyTest" time="0.0">
    <ignored/>
  </testcase> <!-- lazyTest -->
  <testcase classname="com.api.tests.Get" name="getTest" time="0.0">
    <ignored/>
  </testcase> <!-- getTest -->
</testsuite> <!-- Default test -->
